<?xml version="1.0" encoding="UTF-8"?>
<!-- Generated by org.testng.reporters.JUnitXMLReporter -->
<testsuite ignored="0" hostname="Nothing" failures="0" tests="2" name="Error Validation Test" time="26.739" errors="0" timestamp="2025-02-27T17:35:43 IST">
  <testcase classname="SandysinsAcademy.ErrorValidations" name="LoginErrorValidation" time="0.405"/>
  <testcase classname="SandysinsAcademy.ErrorValidations" name="ProductErrorValidation" time="13.276"/>
</testsuite> <!-- Error Validation Test -->
