<?xml version="1.0" encoding="UTF-8"?>
<!-- Generated by org.testng.reporters.JUnitXMLReporter -->
<testsuite ignored="1" hostname="Nothing" failures="0" tests="2" name="Submit Order Test" time="43.242" errors="0" timestamp="2025-02-27T16:56:57 IST">
  <testcase classname="SandysinsAcademy.submitOrderTest" name="submitOrder" time="14.583"/>
  <testcase classname="SandysinsAcademy.submitOrderTest" name="submitOrder" time="14.522"/>
  <testcase classname="SandysinsAcademy.submitOrderTest" name="OrderHistoryTest" time="0.0">
    <ignored/>
  </testcase> <!-- OrderHistoryTest -->
</testsuite> <!-- Submit Order Test -->
